2025-08-01T10:12:32+00:00 CRITICAL Uncaught Error: Call to undefined function wcfm_get_vendor_id_by_post() in /home/u955467695/domains/kreators.ae/public_html/wp-content/themes/faimos/functions.php:660
Stack trace:
#0 /home/u955467695/domains/kreators.ae/public_html/wp-includes/class-wp-hook.php(324): faimos_woocommerce_show_top_custom_block()
#1 /home/u955467695/domains/kreators.ae/public_html/wp-includes/class-wp-hook.php(348): WP_Hook->apply_filters()
#2 /home/u955467695/domains/kreators.ae/public_html/wp-includes/plugin.php(517): WP_Hook->do_action()
#3 /home/u955467695/domains/kreators.ae/public_html/wp-content/themes/faimos/woocommerce/content-product.php(62): do_action()
#4 /home/u955467695/domains/kreators.ae/public_html/wp-includes/template.php(812): require('/home/u95546769...')
#5 /home/u955467695/domains/kreators.ae/public_html/wp-content/plugins/woocommerce/includes/wc-core-functions.php(284): load_template()
#6 /home/u955467695/domains/kreators.ae/public_html/wp-content/plugins/woocommerce/includes/shortcodes/class-wc-shortcode-products.php(660): wc_get_template_part()
#7 /home/u955467695/domains/kreators.ae/public_html/wp-content/plugins/woocommerce/includes/shortcodes/class-wc-shortcode-products.php(100): WC_Shortcode_Products->product_loop()
#8 /home/u955467695/domains/kreators.ae/public_html/wp-content/plugins/woocommerce/includes/class-wc-shortcodes.php(283): WC_Shortcode_Products->get_content()
#9 /home/u955467695/domains/kreators.ae/public_html/wp-includes/shortcodes.php(434): WC_Shortcodes::products()
#10 [internal function]: do_shortcode_tag()
#11 /home/u955467695/domains/kreators.ae/public_html/wp-includes/shortcodes.php(273): preg_replace_callback()
#12 /home/u955467695/domains/kreators.ae/public_html/wp-content/plugins/elementor/includes/base/widget-base.php(454): do_shortcode()
#13 /home/u955467695/domains/kreators.ae/public_html/wp-content/plugins/elementor/includes/widgets/text-editor.php(589): Elementor\Widget_Base->parse_text_editor()
#14 /home/u955467695/domains/kreators.ae/public_html/wp-content/plugins/elementor/includes/base/controls-stack.php(2374): Elementor\Widget_Text_Editor->render()
#15 /home/u955467695/domains/kreators.ae/public_html/wp-content/plugins/elementor/includes/base/widget-base.php(636): Elementor\Controls_Stack->render_by_mode()
#16 /home/u955467695/domains/kreators.ae/public_html/wp-content/plugins/elementor/includes/base/widget-base.php(774): Elementor\Widget_Base->render_content()
#17 /home/u955467695/domains/kreators.ae/public_html/wp-content/plugins/elementor/includes/base/element-base.php(492): Elementor\Widget_Base->print_content()
#18 /home/u955467695/domains/kreators.ae/public_html/wp-content/plugins/elementor/modules/element-cache/module.php(91): Elementor\Element_Base->print_element()
#19 /home/u955467695/domains/kreators.ae/public_html/wp-includes/shortcodes.php(434): Elementor\Modules\ElementCache\Module->Elementor\Modules\ElementCache\{closure}()
#20 [internal function]: do_shortcode_tag()
#21 /home/u955467695/domains/kreators.ae/public_html/wp-includes/shortcodes.php(273): preg_replace_callback()
#22 /home/u955467695/domains/kreators.ae/public_html/wp-content/plugins/elementor/core/base/document.php(1877): do_shortcode()
#23 /home/u955467695/domains/kreators.ae/public_html/wp-content/plugins/elementor/core/base/document.php(1210): Elementor\Core\Base\Document->print_elements()
#24 /home/u955467695/domains/kreators.ae/public_html/wp-content/plugins/elementor/includes/frontend.php(1169): Elementor\Core\Base\Document->print_elements_with_wrapper()
#25 /home/u955467695/domains/kreators.ae/public_html/wp-content/plugins/elementor/includes/frontend.php(1064): Elementor\Frontend->get_builder_content()
#26 /home/u955467695/domains/kreators.ae/public_html/wp-includes/class-wp-hook.php(324): Elementor\Frontend->apply_builder_in_content()
#27 /home/u955467695/domains/kreators.ae/public_html/wp-includes/plugin.php(205): WP_Hook->apply_filters()
#28 /home/u955467695/domains/kreators.ae/public_html/wp-includes/post-template.php(256): apply_filters()
#29 /home/u955467695/domains/kreators.ae/public_html/wp-content/themes/faimos/content-page.php(12): the_content()
#30 /home/u955467695/domains/kreators.ae/public_html/wp-includes/template.php(812): require('/home/u95546769...')
#31 /home/u955467695/domains/kreators.ae/public_html/wp-includes/template.php(745): load_template()
#32 /home/u955467695/domains/kreators.ae/public_html/wp-includes/general-template.php(206): locate_template()
#33 /home/u955467695/domains/kreators.ae/public_html/wp-content/themes/faimos/page.php(81): get_template_part()
#34 /home/u955467695/domains/kreators.ae/public_html/wp-includes/template-loader.php(106): include('/home/u95546769...')
#35 /home/u955467695/domains/kreators.ae/public_html/wp-blog-header.php(19): require_once('/home/u95546769...')
#36 /home/u955467695/domains/kreators.ae/public_html/index.php(17): require('/home/u95546769...')
#37 {main}
  thrown in /home/u955467695/domains/kreators.ae/public_html/wp-content/themes/faimos/functions.php on line 660

2025-08-01T10:12:35+00:00 CRITICAL Uncaught Error: Call to undefined function wcfm_get_vendor_id_by_post() in /home/u955467695/domains/kreators.ae/public_html/wp-content/themes/faimos/inc/custom-functions.woocommerce.php:115
Stack trace:
#0 /home/u955467695/domains/kreators.ae/public_html/wp-includes/class-wp-hook.php(324): faimos_social_stats()
#1 /home/u955467695/domains/kreators.ae/public_html/wp-includes/class-wp-hook.php(348): WP_Hook->apply_filters()
#2 /home/u955467695/domains/kreators.ae/public_html/wp-includes/plugin.php(517): WP_Hook->do_action()
#3 /home/u955467695/domains/kreators.ae/public_html/wp-content/themes/faimos/woocommerce/content-single-product.php(134): do_action()
#4 /home/u955467695/domains/kreators.ae/public_html/wp-includes/template.php(812): require('/home/u95546769...')
#5 /home/u955467695/domains/kreators.ae/public_html/wp-content/plugins/woocommerce/includes/wc-core-functions.php(284): load_template()
#6 /home/u955467695/domains/kreators.ae/public_html/wp-content/themes/faimos/woocommerce/single-product.php(93): wc_get_template_part()
#7 /home/u955467695/domains/kreators.ae/public_html/wp-includes/template-loader.php(106): include('/home/u95546769...')
#8 /home/u955467695/domains/kreators.ae/public_html/wp-blog-header.php(19): require_once('/home/u95546769...')
#9 /home/u955467695/domains/kreators.ae/public_html/index.php(17): require('/home/u95546769...')
#10 {main}
  thrown in /home/u955467695/domains/kreators.ae/public_html/wp-content/themes/faimos/inc/custom-functions.woocommerce.php on line 115

